c:\users\ivanr\desktop\clase_texturas\debug\practica8.bsc
c:\users\ivanr\desktop\clase_texturas\debug\vc141.pdb
c:\users\ivanr\desktop\clase_texturas\debug\vc141.idb
c:\users\ivanr\desktop\clase_texturas\debug\modelado.sbr
c:\users\ivanr\desktop\clase_texturas\debug\textura.sbr
c:\users\ivanr\desktop\clase_texturas\debug\glig.sbr
c:\users\ivanr\desktop\clase_texturas\debug\examinar.sbr
c:\users\ivanr\desktop\clase_texturas\debug\examinar.obj
c:\users\ivanr\desktop\clase_texturas\debug\glig.obj
c:\users\ivanr\desktop\clase_texturas\debug\textura.obj
c:\users\ivanr\desktop\clase_texturas\debug\modelado.obj
c:\users\ivanr\desktop\clase_texturas\debug\clase_texturas.ilk
c:\users\ivanr\desktop\clase_texturas\debug\clase_texturas.exe
c:\users\ivanr\desktop\clase_texturas\debug\clase_texturas.pdb
c:\users\ivanr\desktop\clase_texturas\.\debug\clase_texturas.exe
c:\users\ivanr\desktop\clase_texturas\debug\clase_texturas.tlog\bscmake.command.1.tlog
c:\users\ivanr\desktop\clase_texturas\debug\clase_texturas.tlog\bscmake.read.1.tlog
c:\users\ivanr\desktop\clase_texturas\debug\clase_texturas.tlog\bscmake.write.1.tlog
c:\users\ivanr\desktop\clase_texturas\debug\clase_texturas.tlog\cl.command.1.tlog
c:\users\ivanr\desktop\clase_texturas\debug\clase_texturas.tlog\cl.read.1.tlog
c:\users\ivanr\desktop\clase_texturas\debug\clase_texturas.tlog\cl.write.1.tlog
c:\users\ivanr\desktop\clase_texturas\debug\clase_texturas.tlog\link.command.1.tlog
c:\users\ivanr\desktop\clase_texturas\debug\clase_texturas.tlog\link.read.1.tlog
c:\users\ivanr\desktop\clase_texturas\debug\clase_texturas.tlog\link.write.1.tlog
